<?xml version="1.0" encoding="UTF-8"?>
<!-- Generated by org.testng.reporters.JUnitXMLReporter -->
<testsuite hostname="SENTHIL-PC" ignored="0" name="Test" tests="0" failures="0" timestamp="2020-11-19T23:50:35 IST" time="0.078" errors="0">
  <testcase name="@BeforeClass setUpClass" time="0.031" classname="io.cucumber.testng.AbstractTestNGCucumberTests">
    <failure type="java.lang.AbstractMethodError" message="io.cucumber.testng.TestNGCucumberOptionsProvider$TestNGCucumberOptions.tags()[Ljava/lang/String;">
      <![CDATA[java.lang.AbstractMethodError: io.cucumber.testng.TestNGCucumberOptionsProvider$TestNGCucumberOptions.tags()[Ljava/lang/String;
at io.cucumber.core.options.CucumberOptionsAnnotationParser.addTags(CucumberOptionsAnnotationParser.java:90)
at io.cucumber.core.options.CucumberOptionsAnnotationParser.parse(CucumberOptionsAnnotationParser.java:51)
at io.cucumber.testng.TestNGCucumberRunner.<init>(TestNGCucumberRunner.java:73)
at io.cucumber.testng.AbstractTestNGCucumberTests.setUpClass(AbstractTestNGCucumberTests.java:23)
at java.util.ArrayList.forEach(Unknown Source)
... Removed 25 stack frames]]>
    </failure>
  </testcase> <!-- @BeforeClass setUpClass -->
</testsuite> <!-- Test -->
